<?xml version="1.0" encoding="utf-8"?>
<TestRun id="9fb8c3dc-37e4-43fc-aedb-b3c07e88d219" name="chakr@DESKTOP-8UGF6CA 2021-05-16 19:40:51" runUser="DESKTOP-8UGF6CA\chakr" xmlns="http://microsoft.com/schemas/VisualStudio/TeamTest/2010">
  <Times creation="2021-05-16T19:40:51.8029860+05:30" queuing="2021-05-16T19:40:51.8029877+05:30" start="2021-05-16T19:40:49.8808414+05:30" finish="2021-05-16T19:40:51.8636671+05:30" />
  <TestSettings name="default" id="c1d7a7f7-52c4-478b-b19d-b72351be10f4">
    <Deployment runDeploymentRoot="chakr_DESKTOP-8UGF6CA_2021-05-16_19_40_51" />
  </TestSettings>
  <Results>
    <UnitTestResult executionId="9ad5447c-923d-4ea1-827d-7d81323b043e" testId="4ca6f31d-1725-3e14-a87c-a9a169b0f353" testName="LBCOnlineShoppingCart.Functionality.Testing.RoleTest.CanInsertRole" computerName="DESKTOP-8UGF6CA" duration="00:00:00.1800743" startTime="2021-05-16T19:40:51.6566832+05:30" endTime="2021-05-16T19:40:51.6566843+05:30" testType="13cdc9d9-ddb5-4fa4-a97d-d965ccfc6d4b" outcome="Passed" testListId="8c84fa94-04c1-424b-9868-57a2d4851a1d" relativeResultsDirectory="9ad5447c-923d-4ea1-827d-7d81323b043e" />
    <UnitTestResult executionId="3cedc0ef-25e9-44d8-b49f-f86eeee9ee62" testId="46914758-64e8-894e-05d3-b10f8f0bf2a5" testName="LBCOnlineShoppingCart.Functionality.Testing.RoleTest.CanReturnAllRole" computerName="DESKTOP-8UGF6CA" duration="00:00:00.0010169" startTime="2021-05-16T19:40:51.7008320+05:30" endTime="2021-05-16T19:40:51.7008321+05:30" testType="13cdc9d9-ddb5-4fa4-a97d-d965ccfc6d4b" outcome="Passed" testListId="8c84fa94-04c1-424b-9868-57a2d4851a1d" relativeResultsDirectory="3cedc0ef-25e9-44d8-b49f-f86eeee9ee62" />
    <UnitTestResult executionId="0298f17d-39a7-454c-aa5e-3993177d1818" testId="fefdff1d-9e16-9b8b-e629-5f4634e5cdb9" testName="LBCOnlineShoppingCart.Functionality.Testing.StatusTest.CanReturnStatusById" computerName="DESKTOP-8UGF6CA" duration="00:00:00.0009968" startTime="2021-05-16T19:40:51.7008095+05:30" endTime="2021-05-16T19:40:51.7008097+05:30" testType="13cdc9d9-ddb5-4fa4-a97d-d965ccfc6d4b" outcome="Passed" testListId="8c84fa94-04c1-424b-9868-57a2d4851a1d" relativeResultsDirectory="0298f17d-39a7-454c-aa5e-3993177d1818" />
    <UnitTestResult executionId="1071a25f-6359-47c0-a13e-103083ba5d72" testId="375aaf2e-b1b6-067c-0bbd-f983dae279ed" testName="LBCOnlineShoppingCart.Functionality.Testing.StatusTest.CanInsertStatus" computerName="DESKTOP-8UGF6CA" duration="00:00:00.1855739" startTime="2021-05-16T19:40:51.6515165+05:30" endTime="2021-05-16T19:40:51.6516547+05:30" testType="13cdc9d9-ddb5-4fa4-a97d-d965ccfc6d4b" outcome="Passed" testListId="8c84fa94-04c1-424b-9868-57a2d4851a1d" relativeResultsDirectory="1071a25f-6359-47c0-a13e-103083ba5d72" />
    <UnitTestResult executionId="374ace40-b427-41f5-86ea-5b7d9c03916f" testId="7acce9fd-035a-bb15-a216-287d4489bf2f" testName="LBCOnlineShoppingCart.Functionality.Testing.RoleTest.CanReturnRoleById" computerName="DESKTOP-8UGF6CA" duration="00:00:00.0010594" startTime="2021-05-16T19:40:51.7007529+05:30" endTime="2021-05-16T19:40:51.7007533+05:30" testType="13cdc9d9-ddb5-4fa4-a97d-d965ccfc6d4b" outcome="Passed" testListId="8c84fa94-04c1-424b-9868-57a2d4851a1d" relativeResultsDirectory="374ace40-b427-41f5-86ea-5b7d9c03916f" />
    <UnitTestResult executionId="2b89e972-dbba-4406-a411-72629c0e80eb" testId="03e86b2d-6cbb-f72c-7c5e-4e23853c6c78" testName="LBCOnlineShoppingCart.Functionality.Testing.AdminTest.CanUpdateAdmin" computerName="DESKTOP-8UGF6CA" duration="00:00:00.1888845" startTime="2021-05-16T19:40:51.6567190+05:30" endTime="2021-05-16T19:40:51.6567191+05:30" testType="13cdc9d9-ddb5-4fa4-a97d-d965ccfc6d4b" outcome="Passed" testListId="8c84fa94-04c1-424b-9868-57a2d4851a1d" relativeResultsDirectory="2b89e972-dbba-4406-a411-72629c0e80eb" />
    <UnitTestResult executionId="9bb3d695-bc8c-46d3-8901-481742b767c3" testId="7c0a622a-a569-8c71-391f-ed6793fd60dd" testName="LBCOnlineShoppingCart.Functionality.Testing.AdminTest.CanInsertAdmin" computerName="DESKTOP-8UGF6CA" duration="00:00:00.0019176" startTime="2021-05-16T19:40:51.7008523+05:30" endTime="2021-05-16T19:40:51.7008525+05:30" testType="13cdc9d9-ddb5-4fa4-a97d-d965ccfc6d4b" outcome="Passed" testListId="8c84fa94-04c1-424b-9868-57a2d4851a1d" relativeResultsDirectory="9bb3d695-bc8c-46d3-8901-481742b767c3" />
    <UnitTestResult executionId="f2e8435d-8f5e-4424-a23a-b301115f9641" testId="bb291cf1-20f9-8f21-c531-59abc2fa3b38" testName="LBCOnlineShoppingCart.Functionality.Testing.StatusTest.CanUpdateStatus" computerName="DESKTOP-8UGF6CA" duration="00:00:00.0025975" startTime="2021-05-16T19:40:51.6594504+05:30" endTime="2021-05-16T19:40:51.6594512+05:30" testType="13cdc9d9-ddb5-4fa4-a97d-d965ccfc6d4b" outcome="Passed" testListId="8c84fa94-04c1-424b-9868-57a2d4851a1d" relativeResultsDirectory="f2e8435d-8f5e-4424-a23a-b301115f9641" />
    <UnitTestResult executionId="19568cc5-a491-4215-ba3a-c5bf3ad50b45" testId="237bdbfa-74d7-b53a-1d4b-95370870a934" testName="LBCOnlineShoppingCart.Functionality.Testing.RoleTest.CanUpdateRole" computerName="DESKTOP-8UGF6CA" duration="00:00:00.0029182" startTime="2021-05-16T19:40:51.6595494+05:30" endTime="2021-05-16T19:40:51.6595497+05:30" testType="13cdc9d9-ddb5-4fa4-a97d-d965ccfc6d4b" outcome="Passed" testListId="8c84fa94-04c1-424b-9868-57a2d4851a1d" relativeResultsDirectory="19568cc5-a491-4215-ba3a-c5bf3ad50b45" />
    <UnitTestResult executionId="f1e0aea5-cc09-45d0-889c-e84632a2004e" testId="446b2aa2-fcbf-a12f-4b1a-303dc6d65f49" testName="LBCOnlineShoppingCart.Functionality.Testing.StatusTest.CanReturnAllStatus" computerName="DESKTOP-8UGF6CA" duration="00:00:00.0010389" startTime="2021-05-16T19:40:51.7005321+05:30" endTime="2021-05-16T19:40:51.7005332+05:30" testType="13cdc9d9-ddb5-4fa4-a97d-d965ccfc6d4b" outcome="Passed" testListId="8c84fa94-04c1-424b-9868-57a2d4851a1d" relativeResultsDirectory="f1e0aea5-cc09-45d0-889c-e84632a2004e" />
    <UnitTestResult executionId="4620ee3e-cce5-4f4b-ad0f-3ad5929d0ae0" testId="2d4cd0f7-0c1d-fe6e-7b86-216e4e53760c" testName="LBCOnlineShoppingCart.Functionality.Testing.AdminTest.CanReturnAdminById" computerName="DESKTOP-8UGF6CA" duration="00:00:00.0014414" startTime="2021-05-16T19:40:51.6596336+05:30" endTime="2021-05-16T19:40:51.6596339+05:30" testType="13cdc9d9-ddb5-4fa4-a97d-d965ccfc6d4b" outcome="Passed" testListId="8c84fa94-04c1-424b-9868-57a2d4851a1d" relativeResultsDirectory="4620ee3e-cce5-4f4b-ad0f-3ad5929d0ae0" />
    <UnitTestResult executionId="89031e3e-917c-401f-a622-b1551d23e37f" testId="e75fbbaa-6563-5eec-7626-bd9f97db0141" testName="LBCOnlineShoppingCart.Functionality.Testing.AdminTest.CanReturnAllAdmin" computerName="DESKTOP-8UGF6CA" duration="00:00:00.0017802" startTime="2021-05-16T19:40:51.6582637+05:30" endTime="2021-05-16T19:40:51.6582648+05:30" testType="13cdc9d9-ddb5-4fa4-a97d-d965ccfc6d4b" outcome="Passed" testListId="8c84fa94-04c1-424b-9868-57a2d4851a1d" relativeResultsDirectory="89031e3e-917c-401f-a622-b1551d23e37f" />
  </Results>
  <TestDefinitions>
    <UnitTest name="LBCOnlineShoppingCart.Functionality.Testing.AdminTest.CanInsertAdmin" storage="d:\source code\lbconlineshoppingcart\lbconlineshoppingcart.functionality.testing\bin\debug\netcoreapp3.1\lbconlineshoppingcart.functionality.testing.dll" id="7c0a622a-a569-8c71-391f-ed6793fd60dd">
      <Execution id="9bb3d695-bc8c-46d3-8901-481742b767c3" />
      <TestMethod codeBase="D:\Source Code\LBCOnlineShoppingCart\LBCOnlineShoppingCart.Functionality.Testing\bin\Debug\netcoreapp3.1\LBCOnlineShoppingCart.Functionality.Testing.dll" adapterTypeName="executor://xunit/VsTestRunner2/netcoreapp" className="LBCOnlineShoppingCart.Functionality.Testing.AdminTest" name="CanInsertAdmin" />
    </UnitTest>
    <UnitTest name="LBCOnlineShoppingCart.Functionality.Testing.StatusTest.CanInsertStatus" storage="d:\source code\lbconlineshoppingcart\lbconlineshoppingcart.functionality.testing\bin\debug\netcoreapp3.1\lbconlineshoppingcart.functionality.testing.dll" id="375aaf2e-b1b6-067c-0bbd-f983dae279ed">
      <Execution id="1071a25f-6359-47c0-a13e-103083ba5d72" />
      <TestMethod codeBase="D:\Source Code\LBCOnlineShoppingCart\LBCOnlineShoppingCart.Functionality.Testing\bin\Debug\netcoreapp3.1\LBCOnlineShoppingCart.Functionality.Testing.dll" adapterTypeName="executor://xunit/VsTestRunner2/netcoreapp" className="LBCOnlineShoppingCart.Functionality.Testing.StatusTest" name="CanInsertStatus" />
    </UnitTest>
    <UnitTest name="LBCOnlineShoppingCart.Functionality.Testing.AdminTest.CanReturnAllAdmin" storage="d:\source code\lbconlineshoppingcart\lbconlineshoppingcart.functionality.testing\bin\debug\netcoreapp3.1\lbconlineshoppingcart.functionality.testing.dll" id="e75fbbaa-6563-5eec-7626-bd9f97db0141">
      <Execution id="89031e3e-917c-401f-a622-b1551d23e37f" />
      <TestMethod codeBase="D:\Source Code\LBCOnlineShoppingCart\LBCOnlineShoppingCart.Functionality.Testing\bin\Debug\netcoreapp3.1\LBCOnlineShoppingCart.Functionality.Testing.dll" adapterTypeName="executor://xunit/VsTestRunner2/netcoreapp" className="LBCOnlineShoppingCart.Functionality.Testing.AdminTest" name="CanReturnAllAdmin" />
    </UnitTest>
    <UnitTest name="LBCOnlineShoppingCart.Functionality.Testing.RoleTest.CanUpdateRole" storage="d:\source code\lbconlineshoppingcart\lbconlineshoppingcart.functionality.testing\bin\debug\netcoreapp3.1\lbconlineshoppingcart.functionality.testing.dll" id="237bdbfa-74d7-b53a-1d4b-95370870a934">
      <Execution id="19568cc5-a491-4215-ba3a-c5bf3ad50b45" />
      <TestMethod codeBase="D:\Source Code\LBCOnlineShoppingCart\LBCOnlineShoppingCart.Functionality.Testing\bin\Debug\netcoreapp3.1\LBCOnlineShoppingCart.Functionality.Testing.dll" adapterTypeName="executor://xunit/VsTestRunner2/netcoreapp" className="LBCOnlineShoppingCart.Functionality.Testing.RoleTest" name="CanUpdateRole" />
    </UnitTest>
    <UnitTest name="LBCOnlineShoppingCart.Functionality.Testing.AdminTest.CanReturnAdminById" storage="d:\source code\lbconlineshoppingcart\lbconlineshoppingcart.functionality.testing\bin\debug\netcoreapp3.1\lbconlineshoppingcart.functionality.testing.dll" id="2d4cd0f7-0c1d-fe6e-7b86-216e4e53760c">
      <Execution id="4620ee3e-cce5-4f4b-ad0f-3ad5929d0ae0" />
      <TestMethod codeBase="D:\Source Code\LBCOnlineShoppingCart\LBCOnlineShoppingCart.Functionality.Testing\bin\Debug\netcoreapp3.1\LBCOnlineShoppingCart.Functionality.Testing.dll" adapterTypeName="executor://xunit/VsTestRunner2/netcoreapp" className="LBCOnlineShoppingCart.Functionality.Testing.AdminTest" name="CanReturnAdminById" />
    </UnitTest>
    <UnitTest name="LBCOnlineShoppingCart.Functionality.Testing.StatusTest.CanReturnAllStatus" storage="d:\source code\lbconlineshoppingcart\lbconlineshoppingcart.functionality.testing\bin\debug\netcoreapp3.1\lbconlineshoppingcart.functionality.testing.dll" id="446b2aa2-fcbf-a12f-4b1a-303dc6d65f49">
      <Execution id="f1e0aea5-cc09-45d0-889c-e84632a2004e" />
      <TestMethod codeBase="D:\Source Code\LBCOnlineShoppingCart\LBCOnlineShoppingCart.Functionality.Testing\bin\Debug\netcoreapp3.1\LBCOnlineShoppingCart.Functionality.Testing.dll" adapterTypeName="executor://xunit/VsTestRunner2/netcoreapp" className="LBCOnlineShoppingCart.Functionality.Testing.StatusTest" name="CanReturnAllStatus" />
    </UnitTest>
    <UnitTest name="LBCOnlineShoppingCart.Functionality.Testing.RoleTest.CanReturnAllRole" storage="d:\source code\lbconlineshoppingcart\lbconlineshoppingcart.functionality.testing\bin\debug\netcoreapp3.1\lbconlineshoppingcart.functionality.testing.dll" id="46914758-64e8-894e-05d3-b10f8f0bf2a5">
      <Execution id="3cedc0ef-25e9-44d8-b49f-f86eeee9ee62" />
      <TestMethod codeBase="D:\Source Code\LBCOnlineShoppingCart\LBCOnlineShoppingCart.Functionality.Testing\bin\Debug\netcoreapp3.1\LBCOnlineShoppingCart.Functionality.Testing.dll" adapterTypeName="executor://xunit/VsTestRunner2/netcoreapp" className="LBCOnlineShoppingCart.Functionality.Testing.RoleTest" name="CanReturnAllRole" />
    </UnitTest>
    <UnitTest name="LBCOnlineShoppingCart.Functionality.Testing.RoleTest.CanReturnRoleById" storage="d:\source code\lbconlineshoppingcart\lbconlineshoppingcart.functionality.testing\bin\debug\netcoreapp3.1\lbconlineshoppingcart.functionality.testing.dll" id="7acce9fd-035a-bb15-a216-287d4489bf2f">
      <Execution id="374ace40-b427-41f5-86ea-5b7d9c03916f" />
      <TestMethod codeBase="D:\Source Code\LBCOnlineShoppingCart\LBCOnlineShoppingCart.Functionality.Testing\bin\Debug\netcoreapp3.1\LBCOnlineShoppingCart.Functionality.Testing.dll" adapterTypeName="executor://xunit/VsTestRunner2/netcoreapp" className="LBCOnlineShoppingCart.Functionality.Testing.RoleTest" name="CanReturnRoleById" />
    </UnitTest>
    <UnitTest name="LBCOnlineShoppingCart.Functionality.Testing.StatusTest.CanReturnStatusById" storage="d:\source code\lbconlineshoppingcart\lbconlineshoppingcart.functionality.testing\bin\debug\netcoreapp3.1\lbconlineshoppingcart.functionality.testing.dll" id="fefdff1d-9e16-9b8b-e629-5f4634e5cdb9">
      <Execution id="0298f17d-39a7-454c-aa5e-3993177d1818" />
      <TestMethod codeBase="D:\Source Code\LBCOnlineShoppingCart\LBCOnlineShoppingCart.Functionality.Testing\bin\Debug\netcoreapp3.1\LBCOnlineShoppingCart.Functionality.Testing.dll" adapterTypeName="executor://xunit/VsTestRunner2/netcoreapp" className="LBCOnlineShoppingCart.Functionality.Testing.StatusTest" name="CanReturnStatusById" />
    </UnitTest>
    <UnitTest name="LBCOnlineShoppingCart.Functionality.Testing.AdminTest.CanUpdateAdmin" storage="d:\source code\lbconlineshoppingcart\lbconlineshoppingcart.functionality.testing\bin\debug\netcoreapp3.1\lbconlineshoppingcart.functionality.testing.dll" id="03e86b2d-6cbb-f72c-7c5e-4e23853c6c78">
      <Execution id="2b89e972-dbba-4406-a411-72629c0e80eb" />
      <TestMethod codeBase="D:\Source Code\LBCOnlineShoppingCart\LBCOnlineShoppingCart.Functionality.Testing\bin\Debug\netcoreapp3.1\LBCOnlineShoppingCart.Functionality.Testing.dll" adapterTypeName="executor://xunit/VsTestRunner2/netcoreapp" className="LBCOnlineShoppingCart.Functionality.Testing.AdminTest" name="CanUpdateAdmin" />
    </UnitTest>
    <UnitTest name="LBCOnlineShoppingCart.Functionality.Testing.StatusTest.CanUpdateStatus" storage="d:\source code\lbconlineshoppingcart\lbconlineshoppingcart.functionality.testing\bin\debug\netcoreapp3.1\lbconlineshoppingcart.functionality.testing.dll" id="bb291cf1-20f9-8f21-c531-59abc2fa3b38">
      <Execution id="f2e8435d-8f5e-4424-a23a-b301115f9641" />
      <TestMethod codeBase="D:\Source Code\LBCOnlineShoppingCart\LBCOnlineShoppingCart.Functionality.Testing\bin\Debug\netcoreapp3.1\LBCOnlineShoppingCart.Functionality.Testing.dll" adapterTypeName="executor://xunit/VsTestRunner2/netcoreapp" className="LBCOnlineShoppingCart.Functionality.Testing.StatusTest" name="CanUpdateStatus" />
    </UnitTest>
    <UnitTest name="LBCOnlineShoppingCart.Functionality.Testing.RoleTest.CanInsertRole" storage="d:\source code\lbconlineshoppingcart\lbconlineshoppingcart.functionality.testing\bin\debug\netcoreapp3.1\lbconlineshoppingcart.functionality.testing.dll" id="4ca6f31d-1725-3e14-a87c-a9a169b0f353">
      <Execution id="9ad5447c-923d-4ea1-827d-7d81323b043e" />
      <TestMethod codeBase="D:\Source Code\LBCOnlineShoppingCart\LBCOnlineShoppingCart.Functionality.Testing\bin\Debug\netcoreapp3.1\LBCOnlineShoppingCart.Functionality.Testing.dll" adapterTypeName="executor://xunit/VsTestRunner2/netcoreapp" className="LBCOnlineShoppingCart.Functionality.Testing.RoleTest" name="CanInsertRole" />
    </UnitTest>
  </TestDefinitions>
  <TestEntries>
    <TestEntry testId="4ca6f31d-1725-3e14-a87c-a9a169b0f353" executionId="9ad5447c-923d-4ea1-827d-7d81323b043e" testListId="8c84fa94-04c1-424b-9868-57a2d4851a1d" />
    <TestEntry testId="46914758-64e8-894e-05d3-b10f8f0bf2a5" executionId="3cedc0ef-25e9-44d8-b49f-f86eeee9ee62" testListId="8c84fa94-04c1-424b-9868-57a2d4851a1d" />
    <TestEntry testId="fefdff1d-9e16-9b8b-e629-5f4634e5cdb9" executionId="0298f17d-39a7-454c-aa5e-3993177d1818" testListId="8c84fa94-04c1-424b-9868-57a2d4851a1d" />
    <TestEntry testId="375aaf2e-b1b6-067c-0bbd-f983dae279ed" executionId="1071a25f-6359-47c0-a13e-103083ba5d72" testListId="8c84fa94-04c1-424b-9868-57a2d4851a1d" />
    <TestEntry testId="7acce9fd-035a-bb15-a216-287d4489bf2f" executionId="374ace40-b427-41f5-86ea-5b7d9c03916f" testListId="8c84fa94-04c1-424b-9868-57a2d4851a1d" />
    <TestEntry testId="03e86b2d-6cbb-f72c-7c5e-4e23853c6c78" executionId="2b89e972-dbba-4406-a411-72629c0e80eb" testListId="8c84fa94-04c1-424b-9868-57a2d4851a1d" />
    <TestEntry testId="7c0a622a-a569-8c71-391f-ed6793fd60dd" executionId="9bb3d695-bc8c-46d3-8901-481742b767c3" testListId="8c84fa94-04c1-424b-9868-57a2d4851a1d" />
    <TestEntry testId="bb291cf1-20f9-8f21-c531-59abc2fa3b38" executionId="f2e8435d-8f5e-4424-a23a-b301115f9641" testListId="8c84fa94-04c1-424b-9868-57a2d4851a1d" />
    <TestEntry testId="237bdbfa-74d7-b53a-1d4b-95370870a934" executionId="19568cc5-a491-4215-ba3a-c5bf3ad50b45" testListId="8c84fa94-04c1-424b-9868-57a2d4851a1d" />
    <TestEntry testId="446b2aa2-fcbf-a12f-4b1a-303dc6d65f49" executionId="f1e0aea5-cc09-45d0-889c-e84632a2004e" testListId="8c84fa94-04c1-424b-9868-57a2d4851a1d" />
    <TestEntry testId="2d4cd0f7-0c1d-fe6e-7b86-216e4e53760c" executionId="4620ee3e-cce5-4f4b-ad0f-3ad5929d0ae0" testListId="8c84fa94-04c1-424b-9868-57a2d4851a1d" />
    <TestEntry testId="e75fbbaa-6563-5eec-7626-bd9f97db0141" executionId="89031e3e-917c-401f-a622-b1551d23e37f" testListId="8c84fa94-04c1-424b-9868-57a2d4851a1d" />
  </TestEntries>
  <TestLists>
    <TestList name="Results Not in a List" id="8c84fa94-04c1-424b-9868-57a2d4851a1d" />
    <TestList name="All Loaded Results" id="19431567-8539-422a-85d7-44ee4e166bda" />
  </TestLists>
  <ResultSummary outcome="Completed">
    <Counters total="12" executed="12" passed="12" failed="0" error="0" timeout="0" aborted="0" inconclusive="0" passedButRunAborted="0" notRunnable="0" notExecuted="0" disconnected="0" warning="0" completed="0" inProgress="0" pending="0" />
    <Output>
      <StdOut>[xUnit.net 00:00:00.00] xUnit.net VSTest Adapter v2.4.3+1b45f5407b (64-bit .NET Core 3.1.13)&#xD;
[xUnit.net 00:00:00.68]   Discovering: LBCOnlineShoppingCart.Functionality.Testing&#xD;
[xUnit.net 00:00:00.73]   Discovered:  LBCOnlineShoppingCart.Functionality.Testing&#xD;
[xUnit.net 00:00:00.73]   Starting:    LBCOnlineShoppingCart.Functionality.Testing&#xD;
[xUnit.net 00:00:01.05]   Finished:    LBCOnlineShoppingCart.Functionality.Testing&#xD;
</StdOut>
    </Output>
  </ResultSummary>
</TestRun>